vendor/lib_smsmms_android/build/intermediates/manifest_merge_blame_file/debug/processDebugManifest/manifest-merger-blame-debug-report.txt
1<?xml version="1.0" encoding="utf-8"?>
2<manifest xmlns:android="http://schemas.android.com/apk/res/android"
3    package="com.afkanerd.lib_smsmms_android" >
4
5    <uses-sdk android:minSdkVersion="24" />
6
7    <uses-permission android:name="android.permission.READ_SMS" />
7-->src/main/AndroidManifest.xml:4:5-67
7-->src/main/AndroidManifest.xml:4:22-64
8    <uses-permission android:name="android.permission.RECEIVE_SMS" />
8-->src/main/AndroidManifest.xml:5:5-70
8-->src/main/AndroidManifest.xml:5:22-67
9    <uses-permission android:name="android.permission.SEND_SMS" />
9-->src/main/AndroidManifest.xml:6:5-67
9-->src/main/AndroidManifest.xml:6:22-64
10    <uses-permission android:name="android.permission.RECEIVE_MMS" />
10-->src/main/AndroidManifest.xml:7:5-70
10-->src/main/AndroidManifest.xml:7:22-67
11    <uses-permission android:name="android.permission.RECEIVE_WAP_PUSH" />
11-->src/main/AndroidManifest.xml:8:5-75
11-->src/main/AndroidManifest.xml:8:22-72
12    <uses-permission android:name="android.permission.FOREGROUND_SERVICE" />
12-->src/main/AndroidManifest.xml:9:5-77
12-->src/main/AndroidManifest.xml:9:22-74
13    <uses-permission android:name="android.permission.WRITE_SMS" />
13-->src/main/AndroidManifest.xml:10:5-68
13-->src/main/AndroidManifest.xml:10:22-65
14    <uses-permission android:name="android.permission.POST_NOTIFICATIONS" />
14-->src/main/AndroidManifest.xml:11:5-77
14-->src/main/AndroidManifest.xml:11:22-74
15    <uses-permission android:name="android.permission.CALL_PHONE" />
15-->src/main/AndroidManifest.xml:12:5-69
15-->src/main/AndroidManifest.xml:12:22-66
16    <uses-permission android:name="android.permission.READ_PHONE_STATE" />
16-->src/main/AndroidManifest.xml:13:5-75
16-->src/main/AndroidManifest.xml:13:22-72
17    <uses-permission android:name="android.permission.READ_CONTACTS" />
17-->src/main/AndroidManifest.xml:14:5-72
17-->src/main/AndroidManifest.xml:14:22-69
18    <uses-permission android:name="android.permission.RECEIVE_BOOT_COMPLETED" />
18-->src/main/AndroidManifest.xml:15:5-81
18-->src/main/AndroidManifest.xml:15:22-78
19    <uses-permission android:name="android.permission.FOREGROUND_SERVICE_DATA_SYNC" />
19-->src/main/AndroidManifest.xml:16:5-87
19-->src/main/AndroidManifest.xml:16:22-84
20
21    <queries>
21-->src/main/AndroidManifest.xml:18:5-26:15
22        <intent>
22-->src/main/AndroidManifest.xml:19:9-21:18
23            <action android:name="android.provider.Telephony.SMS_DELIVER" />
23-->src/main/AndroidManifest.xml:20:13-77
23-->src/main/AndroidManifest.xml:20:21-74
24        </intent>
25        <intent>
25-->src/main/AndroidManifest.xml:22:9-25:18
26            <action android:name="android.intent.action.SENDTO" />
26-->src/main/AndroidManifest.xml:23:13-66
26-->src/main/AndroidManifest.xml:23:21-64
27
28            <data
28-->src/main/AndroidManifest.xml:24:13-61
29                android:host="*"
29-->src/main/AndroidManifest.xml:24:42-58
30                android:scheme="smsto" />
30-->src/main/AndroidManifest.xml:24:19-41
31        </intent>
32    </queries>
33
34    <application
34-->src/main/AndroidManifest.xml:29:5-104:19
35        android:label="@string/app_name"
35-->src/main/AndroidManifest.xml:30:9-41
36        android:localeConfig="@xml/locales_config" >
36-->src/main/AndroidManifest.xml:31:9-51
37        <service android:name="com.android.mms.transaction.TransactionService" />
37-->src/main/AndroidManifest.xml:33:9-81
37-->src/main/AndroidManifest.xml:33:18-79
38
39        <receiver
39-->src/main/AndroidManifest.xml:35:9-47:20
40            android:name="com.afkanerd.smswithoutborders_libsmsmms.receivers.SmsTextReceivedReceiver"
40-->src/main/AndroidManifest.xml:36:13-102
41            android:exported="true"
41-->src/main/AndroidManifest.xml:37:13-36
42            android:permission="android.permission.BROADCAST_SMS" >
42-->src/main/AndroidManifest.xml:38:13-66
43            <intent-filter>
43-->src/main/AndroidManifest.xml:39:13-46:29
44                <action android:name="android.provider.Telephony.SMS_RECEIVED" />
44-->src/main/AndroidManifest.xml:40:17-82
44-->src/main/AndroidManifest.xml:40:25-79
45                <action android:name="android.provider.Telephony.SMS_DELIVER" />
45-->src/main/AndroidManifest.xml:20:13-77
45-->src/main/AndroidManifest.xml:20:21-74
46                <action android:name="com.afkanerd.deku.SMS_DELIVERED_BROADCAST_INTENT" />
46-->src/main/AndroidManifest.xml:42:17-91
46-->src/main/AndroidManifest.xml:42:25-88
47                <action android:name="com.afkanerd.deku.SMS_SENT_BROADCAST_INTENT" />
47-->src/main/AndroidManifest.xml:43:17-86
47-->src/main/AndroidManifest.xml:43:25-83
48                <action android:name="com.afkanerd.deku.DATA_SENT_BROADCAST_INTENT" />
48-->src/main/AndroidManifest.xml:44:17-87
48-->src/main/AndroidManifest.xml:44:25-84
49                <action android:name="com.afkanerd.deku.DATA_DELIVERED_BROADCAST_INTENT" />
49-->src/main/AndroidManifest.xml:45:17-92
49-->src/main/AndroidManifest.xml:45:25-89
50            </intent-filter>
51        </receiver>
52        <receiver
52-->src/main/AndroidManifest.xml:49:9-59:20
53            android:name="com.afkanerd.smswithoutborders_libsmsmms.receivers.MmsReceiverBroadcastReceiver"
53-->src/main/AndroidManifest.xml:50:13-107
54            android:exported="true"
54-->src/main/AndroidManifest.xml:51:13-36
55            android:permission="android.permission.BROADCAST_WAP_PUSH" >
55-->src/main/AndroidManifest.xml:52:13-71
56            <intent-filter>
56-->src/main/AndroidManifest.xml:53:13-58:29
57                <action android:name="android.provider.Telephony.WAP_PUSH_DELIVER" />
57-->src/main/AndroidManifest.xml:54:17-86
57-->src/main/AndroidManifest.xml:54:25-83
58
59                <data android:mimeType="application/vnd.wap.mms-message" />
59-->src/main/AndroidManifest.xml:24:13-61
59-->src/main/AndroidManifest.xml:56:23-73
60                <data android:mimeType="application/vnd.wap.sic" />
60-->src/main/AndroidManifest.xml:24:13-61
60-->src/main/AndroidManifest.xml:56:23-73
61            </intent-filter>
62        </receiver> <!-- Activity that allows the user to send new SMS/MMS messages -->
63
64        <receiver
64-->src/main/AndroidManifest.xml:61:9-72:20
65            android:name="com.afkanerd.smswithoutborders_libsmsmms.receivers.SmsDataReceivedReceiver"
65-->src/main/AndroidManifest.xml:62:13-102
66            android:exported="true"
66-->src/main/AndroidManifest.xml:63:13-36
67            android:permission="android.permission.BROADCAST_SMS" >
67-->src/main/AndroidManifest.xml:64:13-66
68            <intent-filter>
68-->src/main/AndroidManifest.xml:65:13-71:29
69                <action android:name="android.intent.action.DATA_SMS_RECEIVED" />
69-->src/main/AndroidManifest.xml:66:17-82
69-->src/main/AndroidManifest.xml:66:25-79
70
71                <data android:scheme="sms" />
71-->src/main/AndroidManifest.xml:24:13-61
71-->src/main/AndroidManifest.xml:24:19-41
72                <data android:host="localhost" />
72-->src/main/AndroidManifest.xml:24:13-61
72-->src/main/AndroidManifest.xml:24:42-58
73                <data android:port="8200" />
73-->src/main/AndroidManifest.xml:24:13-61
73-->src/main/AndroidManifest.xml:70:23-42
74            </intent-filter>
75        </receiver>
76        <receiver
76-->src/main/AndroidManifest.xml:74:9-76:77
77            android:name="com.afkanerd.smswithoutborders_libsmsmms.receivers.MmsSentReceiverImpl"
77-->src/main/AndroidManifest.xml:75:13-98
78            android:taskAffinity="com.klinker.android.messaging.MMS_SENT" />
78-->src/main/AndroidManifest.xml:76:13-74
79        <receiver
79-->src/main/AndroidManifest.xml:78:9-81:81
80            android:name="com.afkanerd.smswithoutborders_libsmsmms.receivers.MmsReceivedReceiverImpl"
80-->src/main/AndroidManifest.xml:79:13-102
81            android:exported="true"
81-->src/main/AndroidManifest.xml:80:13-36
82            android:taskAffinity="com.klinker.android.messaging.MMS_RECEIVED" />
82-->src/main/AndroidManifest.xml:81:13-78
83
84        <!-- Notification actions -->
85        <receiver
85-->src/main/AndroidManifest.xml:85:9-93:20
86            android:name="com.afkanerd.smswithoutborders_libsmsmms.receivers.SmsMmsActionsImpl"
86-->src/main/AndroidManifest.xml:86:13-96
87            android:enabled="true"
87-->src/main/AndroidManifest.xml:87:13-35
88            android:exported="false" >
88-->src/main/AndroidManifest.xml:88:13-37
89            <intent-filter>
89-->src/main/AndroidManifest.xml:89:13-92:29
90                <action android:name="com.afkanerd.deku.REPLY_BROADCAST_ACTION" />
90-->src/main/AndroidManifest.xml:90:17-83
90-->src/main/AndroidManifest.xml:90:25-80
91                <action android:name="com.afkanerd.deku.MARK_AS_READ_BROADCAST_ACTION" />
91-->src/main/AndroidManifest.xml:91:17-90
91-->src/main/AndroidManifest.xml:91:25-87
92            </intent-filter>
93        </receiver>
94        <receiver
94-->src/main/AndroidManifest.xml:95:9-97:40
95            android:name="com.afkanerd.smswithoutborders_libsmsmms.extensions.context.NotificationsDelImpl"
95-->src/main/AndroidManifest.xml:96:13-108
96            android:exported="false" />
96-->src/main/AndroidManifest.xml:97:13-37
97        <receiver
97-->src/main/AndroidManifest.xml:99:9-101:38
98            android:name="com.afkanerd.smswithoutborders_libsmsmms.receivers.MmsReceivedReceiverImplTest"
98-->src/main/AndroidManifest.xml:100:13-106
99            android:exported="true" />
99-->src/main/AndroidManifest.xml:101:13-36
100    </application>
101
102</manifest>